Compiling the C compiler identification source file "CMakeCCompilerId.c" failed.
Compiler: /Library/Developer/CommandLineTools/usr/bin/cc 
Build flags: 
Id flags:  

The output was:
1
ld: library 'System' not found
clang: error: linker command failed with exit code 1 (use -v to see invocation)


Compiling the CXX compiler identification source file "CMakeCXXCompilerId.cpp" failed.
Compiler: /Library/Developer/CommandLineTools/usr/bin/c++ 
Build flags: 
Id flags:  

The output was:
1
ld: library 'c++' not found
clang: error: linker command failed with exit code 1 (use -v to see invocation)


Determining if the function sgemm_ exists failed with the following output:
Change Dir: /Users/simo/MultiCamCalib/ceres_bundle_adjustment/build/CMakeFiles/CMakeTmp

Run Build Command(s):/usr/bin/make -f Makefile cmTC_35ef1/fast && /Library/Developer/CommandLineTools/usr/bin/make  -f CMakeFiles/cmTC_35ef1.dir/build.make CMakeFiles/cmTC_35ef1.dir/build
Building C object CMakeFiles/cmTC_35ef1.dir/CheckFunctionExists.c.o
/Library/Developer/CommandLineTools/usr/bin/cc   -DCHECK_FUNCTION_EXISTS=sgemm_ -arch arm64 -isysroot /Library/Developer/CommandLineTools/SDKs/MacOSX14.0.sdk -MD -MT CMakeFiles/cmTC_35ef1.dir/CheckFunctionExists.c.o -MF CMakeFiles/cmTC_35ef1.dir/CheckFunctionExists.c.o.d -o CMakeFiles/cmTC_35ef1.dir/CheckFunctionExists.c.o -c /opt/local/share/cmake-3.22/Modules/CheckFunctionExists.c
Linking C executable cmTC_35ef1
/opt/local/bin/cmake -E cmake_link_script CMakeFiles/cmTC_35ef1.dir/link.txt --verbose=1
/Library/Developer/CommandLineTools/usr/bin/cc  -DCHECK_FUNCTION_EXISTS=sgemm_ -arch arm64 -isysroot /Library/Developer/CommandLineTools/SDKs/MacOSX14.0.sdk -Wl,-search_paths_first -Wl,-headerpad_max_install_names CMakeFiles/cmTC_35ef1.dir/CheckFunctionExists.c.o -o cmTC_35ef1 
ld: Undefined symbols:
  _sgemm_, referenced from:
      _main in CheckFunctionExists.c.o
clang: error: linker command failed with exit code 1 (use -v to see invocation)
make[1]: *** [cmTC_35ef1] Error 1
make: *** [cmTC_35ef1/fast] Error 2



Determining if the function shm_open exists in the rt failed with the following output:
Change Dir: /Users/simo/MultiCamCalib/ceres_bundle_adjustment/build/CMakeFiles/CMakeTmp

Run Build Command(s):/usr/bin/make -f Makefile cmTC_df254/fast && /Library/Developer/CommandLineTools/usr/bin/make  -f CMakeFiles/cmTC_df254.dir/build.make CMakeFiles/cmTC_df254.dir/build
Building C object CMakeFiles/cmTC_df254.dir/CheckFunctionExists.c.o
/Library/Developer/CommandLineTools/usr/bin/cc   -DCHECK_FUNCTION_EXISTS=shm_open -arch arm64 -isysroot /Library/Developer/CommandLineTools/SDKs/MacOSX14.0.sdk -MD -MT CMakeFiles/cmTC_df254.dir/CheckFunctionExists.c.o -MF CMakeFiles/cmTC_df254.dir/CheckFunctionExists.c.o.d -o CMakeFiles/cmTC_df254.dir/CheckFunctionExists.c.o -c /opt/local/share/cmake-3.22/Modules/CheckFunctionExists.c
Linking C executable cmTC_df254
/opt/local/bin/cmake -E cmake_link_script CMakeFiles/cmTC_df254.dir/link.txt --verbose=1
/Library/Developer/CommandLineTools/usr/bin/cc  -DCHECK_FUNCTION_EXISTS=shm_open -arch arm64 -isysroot /Library/Developer/CommandLineTools/SDKs/MacOSX14.0.sdk -Wl,-search_paths_first -Wl,-headerpad_max_install_names CMakeFiles/cmTC_df254.dir/CheckFunctionExists.c.o -o cmTC_df254  -lrt 
ld: library 'rt' not found
clang: error: linker command failed with exit code 1 (use -v to see invocation)
make[1]: *** [cmTC_df254] Error 1
make: *** [cmTC_df254/fast] Error 2



